{"/Users/beisen/workspace/proj/react-comps-demo/packages/button/src/index.js": {"path":"/Users/beisen/workspace/proj/react-comps-demo/packages/button/src/index.js","statementMap":{"0":{"start":{"line":3,"column":29},"end":{"line":5,"column":1}},"1":{"start":{"line":4,"column":2},"end":{"line":4,"column":72}}},"fnMap":{"0":{"name":"(anonymous_0)","decl":{"start":{"line":3,"column":29},"end":{"line":3,"column":30}},"loc":{"start":{"line":3,"column":52},"end":{"line":5,"column":1}},"line":3}},"branchMap":{},"s":{"0":0,"1":0},"f":{"0":0},"b":{},"hash":"a96e22a5410147c21a1616da12504e836e43a06e"}
,"/Users/beisen/workspace/proj/react-comps-demo/packages/button/src/stories/index.js": {"path":"/Users/beisen/workspace/proj/react-comps-demo/packages/button/src/stories/index.js","statementMap":{"0":{"start":{"line":6,"column":0},"end":{"line":7,"column":98}},"1":{"start":{"line":7,"column":39},"end":{"line":7,"column":96}}},"fnMap":{"0":{"name":"(anonymous_0)","decl":{"start":{"line":7,"column":33},"end":{"line":7,"column":34}},"loc":{"start":{"line":7,"column":39},"end":{"line":7,"column":96}},"line":7}},"branchMap":{},"s":{"0":0,"1":0},"f":{"0":0},"b":{},"hash":"499eb37d3ce35be8ce07c8e732752372e4a46ed7"}
,"/Users/beisen/workspace/proj/react-comps-demo/src/main.js": {"path":"/Users/beisen/workspace/proj/react-comps-demo/src/main.js","statementMap":{"0":{"start":{"line":4,"column":2},"end":{"line":4,"column":35}}},"fnMap":{"0":{"name":"(anonymous_0)","decl":{"start":{"line":3,"column":15},"end":{"line":3,"column":16}},"loc":{"start":{"line":3,"column":31},"end":{"line":5,"column":1}},"line":3}},"branchMap":{},"s":{"0":0},"f":{"0":0},"b":{},"hash":"223a572e725af2205225c9f559c3cf57c68f20bb"}
}
